<?xml version="1.0" encoding="UTF-8"?>
<testsuites name="SCH_HEROKU_MOBILE_TestSuite" time="79.511" tests="2" failures="0" errors="0">
   <testsuite name="SCH_HEROKU_MOBILE_TestSuite" tests="2" failures="0" errors="0" time="79.511" skipped="0" timestamp="2023-06-08 01:12:07" hostname="dian.prawesti - LR08AZWX.sso.bina-artha.co.id" id="Test Suites/SCH_HEROKU_MOBILE_TestSuite">
      <properties>
         <property name="deviceName" value="samsung SM-A546E (Android 13)"/>
         <property name="devicePlatform" value=""/>
         <property name="logFolder" value="C:\\Users\\dian.prawesti\\git\\katalontraining\\Reports\\20230608_011200\\SCH_HEROKU_MOBILE_TestSuite\\20230608_011200"/>
         <property name="logFiles" value="C:\\Users\\dian.prawesti\\git\\katalontraining\\Reports\\20230608_011200\\SCH_HEROKU_MOBILE_TestSuite\\20230608_011200\\appium.log, C:\\Users\\dian.prawesti\\git\\katalontraining\\Reports\\20230608_011200\\SCH_HEROKU_MOBILE_TestSuite\\20230608_011200\\execution0.log"/>
         <property name="attachments" value=""/>
         <property name="hostName" value="dian.prawesti - LR08AZWX.sso.bina-artha.co.id"/>
         <property name="os" value="Windows 10 64bit"/>
         <property name="appiumServerStatus" value="{&quot;value&quot;:{&quot;build&quot;:{&quot;version&quot;:&quot;1.22.3&quot;}},&quot;sessionId&quot;:null,&quot;status&quot;:0}"/>
         <property name="katalonVersion" value="8.6.0.208"/>
         <property name="deviceOS" value="Android"/>
         <property name="appiumVersion" value="1.22.3"/>
         <property name="deviceModel" value="SM-A546E"/>
         <property name="hostAddress" value="192.168.1.5"/>
         <property name="deviceManufacturer" value="samsung"/>
         <property name="deviceId" value="RRCW300FXWJ"/>
         <property name="deviceName" value="samsung SM-A546E (Android 13)"/>
         <property name="deviceOSVersion" value="13"/>
      </properties>
      <testcase name="Test Cases/sch_heroku_mobile_1_login" time="43.014" classname="Test Cases/sch_heroku_mobile_1_login" status="PASSED">
         <system-out><![CDATA[2023-06-08 01:12:08 - [TEST_CASE][PASSED] - Test Cases/sch_heroku_mobile_1_login: Test Cases/sch_heroku_mobile_1_login

2023-06-08 01:12:10 - [TEST_STEP][PASSED] - startApplication("D:\DIAN AYU BARU\BOTHCAMP QAE\GOLD Challenge\GOLD Challenge\app-release.apk", false): Started app at: 'D:\DIAN AYU BARU\BOTHCAMP QAE\GOLD Challenge\GOLD Challenge\app-release.apk'

2023-06-08 01:12:11 - [MESSAGE][INFO] - Detected NodeJS location: "C:\Program Files\nodejs\node.exe"

2023-06-08 01:12:14 - [MESSAGE][INFO] - Appium server started on port 52,128

2023-06-08 01:12:33 - [MESSAGE][PASSED] - Started app at: 'D:\DIAN AYU BARU\BOTHCAMP QAE\GOLD Challenge\GOLD Challenge\app-release.apk'

2023-06-08 01:12:33 - [TEST_STEP][PASSED] - tap(findTestObject("Object Repository/Mobile_SeconhandStore/android.widget.ImageView"), 0): Tapped on element 'Object Repository/Mobile_SeconhandStore/android.widget.ImageView'

2023-06-08 01:12:33 - [MESSAGE][WARNING] - Timeout '0' is invalid. Using default page load timeout: '30'

2023-06-08 01:12:35 - [MESSAGE][PASSED] - Tapped on element 'Object Repository/Mobile_SeconhandStore/android.widget.ImageView'

2023-06-08 01:12:35 - [TEST_STEP][PASSED] - tap(findTestObject("Object Repository/Mobile_SeconhandStore/android.widget.Button - Masuk"), 0): Tapped on element 'Object Repository/Mobile_SeconhandStore/android.widget.Button - Masuk'

2023-06-08 01:12:35 - [MESSAGE][WARNING] - Timeout '0' is invalid. Using default page load timeout: '30'

2023-06-08 01:12:36 - [MESSAGE][PASSED] - Tapped on element 'Object Repository/Mobile_SeconhandStore/android.widget.Button - Masuk'

2023-06-08 01:12:36 - [TEST_STEP][PASSED] - setText(findTestObject("Object Repository/Mobile_SeconhandStore/android.widget.EditText - Masukkan email"), "crescent7000@yahoo.com", 0): Text 'crescent7000@yahoo.com' has been set to element 'Object Repository/Mobile_SeconhandStore/android.widget.EditText - Masukkan email'

2023-06-08 01:12:36 - [MESSAGE][WARNING] - Timeout '0' is invalid. Using default page load timeout: '30'

2023-06-08 01:12:38 - [MESSAGE][PASSED] - Text 'crescent7000@yahoo.com' has been set to element 'Object Repository/Mobile_SeconhandStore/android.widget.EditText - Masukkan email'

2023-06-08 01:12:38 - [TEST_STEP][PASSED] - setText(findTestObject("Object Repository/Mobile_SeconhandStore/android.widget.EditText - Masukkan password"), "Jaksel2022", 0): Text 'Jaksel2022' has been set to element 'Object Repository/Mobile_SeconhandStore/android.widget.EditText - Masukkan password'

2023-06-08 01:12:38 - [MESSAGE][WARNING] - Timeout '0' is invalid. Using default page load timeout: '30'

2023-06-08 01:12:40 - [MESSAGE][PASSED] - Text 'Jaksel2022' has been set to element 'Object Repository/Mobile_SeconhandStore/android.widget.EditText - Masukkan password'

2023-06-08 01:12:40 - [TEST_STEP][PASSED] - tap(findTestObject("Object Repository/Mobile_SeconhandStore/android.widget.Button - Masuk (1)"), 0): Tapped on element 'Object Repository/Mobile_SeconhandStore/android.widget.Button - Masuk (1)'

2023-06-08 01:12:40 - [MESSAGE][WARNING] - Timeout '0' is invalid. Using default page load timeout: '30'

2023-06-08 01:12:40 - [MESSAGE][PASSED] - Tapped on element 'Object Repository/Mobile_SeconhandStore/android.widget.Button - Masuk (1)'

2023-06-08 01:12:40 - [TEST_STEP][PASSED] - delay(10, STOP_ON_FAILURE): Delayed 10 second(s)

2023-06-08 01:12:50 - [MESSAGE][PASSED] - Delayed 10 second(s)

2023-06-08 01:12:50 - [TEST_STEP][PASSED] - closeApplication(): Close app successfully

2023-06-08 01:12:51 - [MESSAGE][PASSED] - Close app successfully]]></system-out>
         <system-err><![CDATA[]]></system-err>
      </testcase>
      <testcase name="Test Cases/sch_heroku_mobile_2_jualbarang" time="34.944" classname="Test Cases/sch_heroku_mobile_2_jualbarang" status="PASSED">
         <system-out><![CDATA[2023-06-08 01:12:52 - [TEST_CASE][PASSED] - Test Cases/sch_heroku_mobile_2_jualbarang: Test Cases/sch_heroku_mobile_2_jualbarang

2023-06-08 01:12:52 - [TEST_STEP][PASSED] - startApplication("D:\DIAN AYU BARU\BOTHCAMP QAE\GOLD Challenge\GOLD Challenge\app-release.apk", false): Started app at: 'D:\DIAN AYU BARU\BOTHCAMP QAE\GOLD Challenge\GOLD Challenge\app-release.apk'

2023-06-08 01:12:53 - [MESSAGE][INFO] - Detected NodeJS location: "C:\Program Files\nodejs\node.exe"

2023-06-08 01:12:56 - [MESSAGE][INFO] - Appium server started on port 52,260

2023-06-08 01:13:08 - [MESSAGE][PASSED] - Started app at: 'D:\DIAN AYU BARU\BOTHCAMP QAE\GOLD Challenge\GOLD Challenge\app-release.apk'

2023-06-08 01:13:08 - [TEST_STEP][PASSED] - tap(findTestObject("Object Repository/Mobile_SeconhandStore/android.widget.ImageView (1)"), 0): Tapped on element 'Object Repository/Mobile_SeconhandStore/android.widget.ImageView (1)'

2023-06-08 01:13:09 - [MESSAGE][WARNING] - Timeout '0' is invalid. Using default page load timeout: '30'

2023-06-08 01:13:11 - [MESSAGE][PASSED] - Tapped on element 'Object Repository/Mobile_SeconhandStore/android.widget.ImageView (1)'

2023-06-08 01:13:11 - [TEST_STEP][PASSED] - setText(findTestObject("Object Repository/Mobile_SeconhandStore/android.widget.EditText - Nama Produk"), "Gelas", 0): Text 'Gelas' has been set to element 'Object Repository/Mobile_SeconhandStore/android.widget.EditText - Nama Produk'

2023-06-08 01:13:11 - [MESSAGE][WARNING] - Timeout '0' is invalid. Using default page load timeout: '30'

2023-06-08 01:13:12 - [MESSAGE][PASSED] - Text 'Gelas' has been set to element 'Object Repository/Mobile_SeconhandStore/android.widget.EditText - Nama Produk'

2023-06-08 01:13:12 - [TEST_STEP][PASSED] - setText(findTestObject("Object Repository/Mobile_SeconhandStore/android.widget.EditText - Rp 0,00"), "5000000", 0): Text '5000000' has been set to element 'Object Repository/Mobile_SeconhandStore/android.widget.EditText - Rp 0,00'

2023-06-08 01:13:12 - [MESSAGE][WARNING] - Timeout '0' is invalid. Using default page load timeout: '30'

2023-06-08 01:13:14 - [MESSAGE][PASSED] - Text '5000000' has been set to element 'Object Repository/Mobile_SeconhandStore/android.widget.EditText - Rp 0,00'

2023-06-08 01:13:14 - [TEST_STEP][PASSED] - tap(findTestObject("Object Repository/Mobile_SeconhandStore/android.widget.Button - Terbitkan"), 0): Tapped on element 'Object Repository/Mobile_SeconhandStore/android.widget.Button - Terbitkan'

2023-06-08 01:13:15 - [MESSAGE][WARNING] - Timeout '0' is invalid. Using default page load timeout: '30'

2023-06-08 01:13:16 - [MESSAGE][PASSED] - Tapped on element 'Object Repository/Mobile_SeconhandStore/android.widget.Button - Terbitkan'

2023-06-08 01:13:16 - [TEST_STEP][PASSED] - delay(10, STOP_ON_FAILURE): Delayed 10 second(s)

2023-06-08 01:13:26 - [MESSAGE][PASSED] - Delayed 10 second(s)

2023-06-08 01:13:26 - [TEST_STEP][PASSED] - closeApplication(): Close app successfully

2023-06-08 01:13:26 - [MESSAGE][PASSED] - Close app successfully]]></system-out>
         <system-err><![CDATA[]]></system-err>
      </testcase>
      <system-out><![CDATA[2023-06-08 01:12:07 - [TEST_SUITE][PASSED] - SCH_HEROKU_MOBILE_TestSuite: Test Cases/sch_heroku_mobile_2_jualbarang]]></system-out>
      <system-err><![CDATA[]]></system-err>
   </testsuite>
</testsuites>
